生成启动时间为 2020/2/2 18:19:54。
     1>项目“E:\Programs\ComNoATL\ComNoATL\ComNoATL.vcxproj”在节点 2 上(rebuild 个目标)。
     1>_PrepareForClean:
         正在删除文件“Debug\CompTest.lastbuildstate”。
       InitializeBuildStatus:
         正在创建“Debug\CompTest.unsuccessfulbuild”，因为已指定“AlwaysCreate”。
       ClCompile:
         C:\Program Files (x86)\Microsoft Visual Studio 10.0\VC\bin\CL.exe /c /ZI /nologo /W3 /WX- /Od /Oy- /D WIN32 /D _DEBUG /D _WINDOWS /D _USRDLL /D COMNOATL_EXPORTS /D _WINDLL /D _UNICODE /D UNICODE /Gm /EHsc /RTC1 /MD /GS /fp:precise /Zc:wchar_t /Zc:forScope /Yc"StdAfx.h" /Fp"Debug\CompTest.pch" /Fo"Debug\\" /Fd"Debug\vc100.pdb" /Gd /TP /analyze- /errorReport:prompt stdafx.cpp
         stdafx.cpp
         C:\Program Files (x86)\Microsoft Visual Studio 10.0\VC\bin\CL.exe /c /ZI /nologo /W3 /WX- /Od /Oy- /D WIN32 /D _DEBUG /D _WINDOWS /D _USRDLL /D COMNOATL_EXPORTS /D _WINDLL /D _UNICODE /D UNICODE /Gm /EHsc /RTC1 /MD /GS /fp:precise /Zc:wchar_t /Zc:forScope /Fo"Debug\\" /Fd"Debug\vc100.pdb" /Gd /TP /analyze- /errorReport:prompt CompTest.cpp CompTestClass.cpp factory.cpp
         factory.cpp
         CompTestClass.cpp
         CompTest.cpp
         正在生成代码...
       ManifestResourceCompile:
         C:\Program Files (x86)\Microsoft SDKs\Windows\v7.0A\bin\rc.exe /nologo /fo"Debug\CompTest.dll.embed.manifest.res" Debug\CompTest_manifest.rc 
       Link:
         C:\Program Files (x86)\Microsoft Visual Studio 10.0\VC\bin\link.exe /ERRORREPORT:PROMPT /OUT:"E:\Programs\ComNoATL\Debug\CompTest.dll" /INCREMENTAL /NOLOGO kernel32.lib user32.lib gdi32.lib winspool.lib comdlg32.lib advapi32.lib shell32.lib ole32.lib oleaut32.lib uuid.lib odbc32.lib odbccp32.lib /DEF:"mydef.def" /MANIFEST /ManifestFile:"Debug\CompTest.dll.intermediate.manifest" /MANIFESTUAC:"level='asInvoker' uiAccess='false'" /DEBUG /PDB:"E:\Programs\ComNoATL\Debug\CompTest.pdb" /SUBSYSTEM:WINDOWS /TLBID:1 /DYNAMICBASE /NXCOMPAT /IMPLIB:"E:\Programs\ComNoATL\Debug\CompTest.lib" /MACHINE:X86 /DLL Debug\CompTest.dll.embed.manifest.res
         Debug\CompTest.obj
         Debug\CompTestClass.obj
         Debug\factory.obj
         Debug\stdafx.obj
            正在创建库 E:\Programs\ComNoATL\Debug\CompTest.lib 和对象 E:\Programs\ComNoATL\Debug\CompTest.exp
       Manifest:
         正在删除文件“Debug\CompTest.dll.embed.manifest”。
         C:\Program Files (x86)\Microsoft SDKs\Windows\v7.0A\bin\mt.exe /nologo /verbose /out:"Debug\CompTest.dll.embed.manifest" /manifest Debug\CompTest.dll.intermediate.manifest
         C:\Program Files (x86)\Microsoft SDKs\Windows\v7.0A\bin\rc.exe /nologo /fo"Debug\CompTest.dll.embed.manifest.res" Debug\CompTest_manifest.rc 
       LinkEmbedManifest:
         C:\Program Files (x86)\Microsoft Visual Studio 10.0\VC\bin\link.exe /ERRORREPORT:PROMPT /OUT:"E:\Programs\ComNoATL\Debug\CompTest.dll" /INCREMENTAL /NOLOGO kernel32.lib user32.lib gdi32.lib winspool.lib comdlg32.lib advapi32.lib shell32.lib ole32.lib oleaut32.lib uuid.lib odbc32.lib odbccp32.lib /DEF:"mydef.def" /MANIFEST /ManifestFile:"Debug\CompTest.dll.intermediate.manifest" /MANIFESTUAC:"level='asInvoker' uiAccess='false'" /DEBUG /PDB:"E:\Programs\ComNoATL\Debug\CompTest.pdb" /SUBSYSTEM:WINDOWS /TLBID:1 /DYNAMICBASE /NXCOMPAT /IMPLIB:"E:\Programs\ComNoATL\Debug\CompTest.lib" /MACHINE:X86 /DLL Debug\CompTest.dll.embed.manifest.res
         Debug\CompTest.obj
         Debug\CompTestClass.obj
         Debug\factory.obj
         Debug\stdafx.obj
            正在创建库 E:\Programs\ComNoATL\Debug\CompTest.lib 和对象 E:\Programs\ComNoATL\Debug\CompTest.exp
         ComNoATL.vcxproj -> E:\Programs\ComNoATL\Debug\CompTest.dll
       FinalizeBuildStatus:
         正在删除文件“Debug\CompTest.unsuccessfulbuild”。
         正在对“Debug\CompTest.lastbuildstate”执行 Touch 任务。
     1>已完成生成项目“E:\Programs\ComNoATL\ComNoATL\ComNoATL.vcxproj”(rebuild 个目标)的操作。

生成成功。

已用时间 00:00:05.35
